0 info it worked if it ends with ok
1 verbose cli [ 'C:\\laragon\\bin\\nodejs\\node.exe',
1 verbose cli   'C:\\laragon\\bin\\nodejs\\node_modules\\npm\\bin\\npm-cli.js',
1 verbose cli   'install',
1 verbose cli   'vue-router' ]
2 info using npm@3.10.3
3 info using node@v6.6.0
4 silly loadCurrentTree Starting
5 silly install loadCurrentTree
6 silly install readLocalPackageData
7 silly fetchPackageMetaData vue-router
8 silly fetchNamedPackageData vue-router
9 silly mapToRegistry name vue-router
10 silly mapToRegistry using default registry
11 silly mapToRegistry registry https://registry.npmjs.org/
12 silly mapToRegistry data Result {
12 silly mapToRegistry   raw: 'vue-router',
12 silly mapToRegistry   scope: null,
12 silly mapToRegistry   escapedName: 'vue-router',
12 silly mapToRegistry   name: 'vue-router',
12 silly mapToRegistry   rawSpec: '',
12 silly mapToRegistry   spec: 'latest',
12 silly mapToRegistry   type: 'tag' }
13 silly mapToRegistry uri https://registry.npmjs.org/vue-router
14 verbose request uri https://registry.npmjs.org/vue-router
15 verbose request no auth needed
16 info attempt registry request try #1 at 12:41:59 AM
17 verbose request id 1bc7f390a0f973ba
18 verbose etag "5a812a68-241f7"
19 verbose lastModified Mon, 12 Feb 2018 5:47:20 GMT
20 http request GET https://registry.npmjs.org/vue-router
21 http 304 https://registry.npmjs.org/vue-router
22 verbose headers { date: 'Wed, 28 Feb 2018 18:42:01 GMT',
22 verbose headers   via: '1.1 varnish',
22 verbose headers   'cache-control': 'max-age=300',
22 verbose headers   etag: '"5a812a68-241f7"',
22 verbose headers   age: '11631',
22 verbose headers   connection: 'keep-alive',
22 verbose headers   'x-served-by': 'cache-sin18026-SIN',
22 verbose headers   'x-cache': 'HIT',
22 verbose headers   'x-cache-hits': '22',
22 verbose headers   'x-timer': 'S1519843322.697816,VS0,VE0',
22 verbose headers   vary: 'Accept-Encoding, Accept' }
23 silly get cb [ 304,
23 silly get   { date: 'Wed, 28 Feb 2018 18:42:01 GMT',
23 silly get     via: '1.1 varnish',
23 silly get     'cache-control': 'max-age=300',
23 silly get     etag: '"5a812a68-241f7"',
23 silly get     age: '11631',
23 silly get     connection: 'keep-alive',
23 silly get     'x-served-by': 'cache-sin18026-SIN',
23 silly get     'x-cache': 'HIT',
23 silly get     'x-cache-hits': '22',
23 silly get     'x-timer': 'S1519843322.697816,VS0,VE0',
23 silly get     vary: 'Accept-Encoding, Accept' } ]
24 verbose etag https://registry.npmjs.org/vue-router from cache
25 verbose get saving vue-router to C:\Users\Fazle Rabbi\AppData\Roaming\npm-cache\registry.npmjs.org\vue-router\.cache.json
26 verbose correctMkdir C:\Users\Fazle Rabbi\AppData\Roaming\npm-cache correctMkdir not in flight; initializing
27 silly install normalizeTree
28 silly loadCurrentTree Finishing
29 silly loadIdealTree Starting
30 silly install loadIdealTree
31 silly cloneCurrentTree Starting
32 silly install cloneCurrentTreeToIdealTree
33 silly cloneCurrentTree Finishing
34 silly loadShrinkwrap Starting
35 silly install loadShrinkwrap
36 silly loadShrinkwrap Finishing
37 silly loadAllDepsIntoIdealTree Starting
38 silly install loadAllDepsIntoIdealTree
39 silly resolveWithNewModule vue-router@3.0.1 checking installable status
40 silly cache add args [ 'vue-router', null ]
41 verbose cache add spec vue-router
42 silly cache add parsed spec Result {
42 silly cache add   raw: 'vue-router',
42 silly cache add   scope: null,
42 silly cache add   escapedName: 'vue-router',
42 silly cache add   name: 'vue-router',
42 silly cache add   rawSpec: '',
42 silly cache add   spec: 'latest',
42 silly cache add   type: 'tag' }
43 silly addNamed vue-router@latest
44 verbose addNamed "latest" is being treated as a dist-tag for vue-router
45 info addNameTag [ 'vue-router', 'latest' ]
46 silly mapToRegistry name vue-router
47 silly mapToRegistry using default registry
48 silly mapToRegistry registry https://registry.npmjs.org/
49 silly mapToRegistry data Result {
49 silly mapToRegistry   raw: 'vue-router',
49 silly mapToRegistry   scope: null,
49 silly mapToRegistry   escapedName: 'vue-router',
49 silly mapToRegistry   name: 'vue-router',
49 silly mapToRegistry   rawSpec: '',
49 silly mapToRegistry   spec: 'latest',
49 silly mapToRegistry   type: 'tag' }
50 silly mapToRegistry uri https://registry.npmjs.org/vue-router
51 verbose addNameTag registry:https://registry.npmjs.org/vue-router not in flight; fetching
52 verbose get https://registry.npmjs.org/vue-router not expired, no request
53 silly addNameTag next cb for vue-router with tag latest
54 silly addNamed vue-router@3.0.1
55 verbose addNamed "3.0.1" is a plain semver version for vue-router
56 silly cache afterAdd vue-router@3.0.1
57 verbose afterAdd C:\Users\Fazle Rabbi\AppData\Roaming\npm-cache\vue-router\3.0.1\package\package.json not in flight; writing
58 verbose correctMkdir C:\Users\Fazle Rabbi\AppData\Roaming\npm-cache correctMkdir not in flight; initializing
59 verbose afterAdd C:\Users\Fazle Rabbi\AppData\Roaming\npm-cache\vue-router\3.0.1\package\package.json written
60 silly loadAllDepsIntoIdealTree Finishing
61 silly loadIdealTree Finishing
62 silly currentTree caredesk@
62 silly currentTree +-- @babel/runtime@7.0.0-beta.40
62 silly currentTree +-- bootstrap@4.0.0
62 silly currentTree +-- core-js@2.5.3
62 silly currentTree +-- jquery@3.3.1
62 silly currentTree +-- lodash.omit@4.5.0
62 silly currentTree +-- meteor-node-stubs@0.3.2
62 silly currentTree | +-- asn1.js@4.9.1
62 silly currentTree | +-- assert@1.4.1
62 silly currentTree | +-- balanced-match@1.0.0
62 silly currentTree | +-- base64-js@1.2.1
62 silly currentTree | +-- Base64@0.2.1
62 silly currentTree | +-- bn.js@4.11.8
62 silly currentTree | +-- brace-expansion@1.1.8
62 silly currentTree | +-- brorand@1.1.0
62 silly currentTree | +-- browserify-aes@1.1.0
62 silly currentTree | +-- browserify-cipher@1.0.0
62 silly currentTree | +-- browserify-des@1.0.0
62 silly currentTree | +-- browserify-rsa@4.0.1
62 silly currentTree | +-- browserify-sign@4.0.4
62 silly currentTree | +-- browserify-zlib@0.1.4
62 silly currentTree | +-- buffer-xor@1.0.3
62 silly currentTree | +-- buffer@4.9.1
62 silly currentTree | +-- cipher-base@1.0.4
62 silly currentTree | +-- concat-map@0.0.1
62 silly currentTree | +-- console-browserify@1.1.0
62 silly currentTree | +-- constants-browserify@1.0.0
62 silly currentTree | +-- create-ecdh@4.0.0
62 silly currentTree | +-- create-hash@1.1.3
62 silly currentTree | +-- create-hmac@1.1.6
62 silly currentTree | +-- crypto-browserify@3.11.1
62 silly currentTree | +-- date-now@0.1.4
62 silly currentTree | +-- des.js@1.0.0
62 silly currentTree | +-- diffie-hellman@5.0.2
62 silly currentTree | +-- domain-browser@1.1.7
62 silly currentTree | +-- elliptic@6.4.0
62 silly currentTree | +-- events@1.1.1
62 silly currentTree | +-- evp_bytestokey@1.0.3
62 silly currentTree | +-- fs.realpath@1.0.0
62 silly currentTree | +-- glob@7.1.2
62 silly currentTree | +-- hash-base@2.0.2
62 silly currentTree | +-- hash.js@1.1.3
62 silly currentTree | | `-- inherits@2.0.3
62 silly currentTree | +-- hmac-drbg@1.0.1
62 silly currentTree | +-- http-browserify@1.7.0
62 silly currentTree | +-- https-browserify@0.0.1
62 silly currentTree | +-- ieee754@1.1.8
62 silly currentTree | +-- indexof@0.0.1
62 silly currentTree | +-- inflight@1.0.6
62 silly currentTree | +-- inherits@2.0.1
62 silly currentTree | +-- isarray@1.0.0
62 silly currentTree | +-- md5.js@1.3.4
62 silly currentTree | | `-- hash-base@3.0.4
62 silly currentTree | +-- miller-rabin@4.0.1
62 silly currentTree | +-- minimalistic-assert@1.0.0
62 silly currentTree | +-- minimalistic-crypto-utils@1.0.1
62 silly currentTree | +-- minimatch@3.0.4
62 silly currentTree | +-- once@1.4.0
62 silly currentTree | +-- os-browserify@0.2.1
62 silly currentTree | +-- pako@0.2.9
62 silly currentTree | +-- parse-asn1@5.1.0
62 silly currentTree | +-- path-browserify@0.0.0
62 silly currentTree | +-- path-is-absolute@1.0.1
62 silly currentTree | +-- pbkdf2@3.0.14
62 silly currentTree | +-- process-nextick-args@1.0.7
62 silly currentTree | +-- process@0.11.10
62 silly currentTree | +-- public-encrypt@4.0.0
62 silly currentTree | +-- punycode@1.4.1
62 silly currentTree | +-- querystring-es3@0.2.1
62 silly currentTree | +-- querystring@0.2.0
62 silly currentTree | +-- randombytes@2.0.5
62 silly currentTree | +-- readable-stream@2.3.3
62 silly currentTree | | `-- inherits@2.0.3
62 silly currentTree | +-- rimraf@2.6.2
62 silly currentTree | +-- ripemd160@2.0.1
62 silly currentTree | +-- safe-buffer@5.1.1
62 silly currentTree | +-- sha.js@2.4.9
62 silly currentTree | +-- stream-browserify@2.0.1
62 silly currentTree | +-- string_decoder@1.0.3
62 silly currentTree | +-- timers-browserify@1.4.2
62 silly currentTree | +-- tty-browserify@0.0.0
62 silly currentTree | +-- url@0.11.0
62 silly currentTree | | `-- punycode@1.3.2
62 silly currentTree | +-- util-deprecate@1.0.2
62 silly currentTree | +-- util@0.10.3
62 silly currentTree | +-- vm-browserify@0.0.4
62 silly currentTree | `-- wrappy@1.0.2
62 silly currentTree +-- popper.js@1.12.9
62 silly currentTree +-- regenerator-runtime@0.11.1
62 silly currentTree +-- vue-meteor-tracker@1.2.3
62 silly currentTree +-- vue-router
62 silly currentTree `-- vue@2.5.13
63 silly idealTree caredesk@
63 silly idealTree +-- @babel/runtime@7.0.0-beta.40
63 silly idealTree +-- bootstrap@4.0.0
63 silly idealTree +-- core-js@2.5.3
63 silly idealTree +-- jquery@3.3.1
63 silly idealTree +-- lodash.omit@4.5.0
63 silly idealTree +-- meteor-node-stubs@0.3.2
63 silly idealTree | +-- asn1.js@4.9.1
63 silly idealTree | +-- assert@1.4.1
63 silly idealTree | +-- balanced-match@1.0.0
63 silly idealTree | +-- base64-js@1.2.1
63 silly idealTree | +-- Base64@0.2.1
63 silly idealTree | +-- bn.js@4.11.8
63 silly idealTree | +-- brace-expansion@1.1.8
63 silly idealTree | +-- brorand@1.1.0
63 silly idealTree | +-- browserify-aes@1.1.0
63 silly idealTree | +-- browserify-cipher@1.0.0
63 silly idealTree | +-- browserify-des@1.0.0
63 silly idealTree | +-- browserify-rsa@4.0.1
63 silly idealTree | +-- browserify-sign@4.0.4
63 silly idealTree | +-- browserify-zlib@0.1.4
63 silly idealTree | +-- buffer-xor@1.0.3
63 silly idealTree | +-- buffer@4.9.1
63 silly idealTree | +-- cipher-base@1.0.4
63 silly idealTree | +-- concat-map@0.0.1
63 silly idealTree | +-- console-browserify@1.1.0
63 silly idealTree | +-- constants-browserify@1.0.0
63 silly idealTree | +-- create-ecdh@4.0.0
63 silly idealTree | +-- create-hash@1.1.3
63 silly idealTree | +-- create-hmac@1.1.6
63 silly idealTree | +-- crypto-browserify@3.11.1
63 silly idealTree | +-- date-now@0.1.4
63 silly idealTree | +-- des.js@1.0.0
63 silly idealTree | +-- diffie-hellman@5.0.2
63 silly idealTree | +-- domain-browser@1.1.7
63 silly idealTree | +-- elliptic@6.4.0
63 silly idealTree | +-- events@1.1.1
63 silly idealTree | +-- evp_bytestokey@1.0.3
63 silly idealTree | +-- fs.realpath@1.0.0
63 silly idealTree | +-- glob@7.1.2
63 silly idealTree | +-- hash-base@2.0.2
63 silly idealTree | +-- hash.js@1.1.3
63 silly idealTree | | `-- inherits@2.0.3
63 silly idealTree | +-- hmac-drbg@1.0.1
63 silly idealTree | +-- http-browserify@1.7.0
63 silly idealTree | +-- https-browserify@0.0.1
63 silly idealTree | +-- ieee754@1.1.8
63 silly idealTree | +-- indexof@0.0.1
63 silly idealTree | +-- inflight@1.0.6
63 silly idealTree | +-- inherits@2.0.1
63 silly idealTree | +-- isarray@1.0.0
63 silly idealTree | +-- md5.js@1.3.4
63 silly idealTree | | `-- hash-base@3.0.4
63 silly idealTree | +-- miller-rabin@4.0.1
63 silly idealTree | +-- minimalistic-assert@1.0.0
63 silly idealTree | +-- minimalistic-crypto-utils@1.0.1
63 silly idealTree | +-- minimatch@3.0.4
63 silly idealTree | +-- once@1.4.0
63 silly idealTree | +-- os-browserify@0.2.1
63 silly idealTree | +-- pako@0.2.9
63 silly idealTree | +-- parse-asn1@5.1.0
63 silly idealTree | +-- path-browserify@0.0.0
63 silly idealTree | +-- path-is-absolute@1.0.1
63 silly idealTree | +-- pbkdf2@3.0.14
63 silly idealTree | +-- process-nextick-args@1.0.7
63 silly idealTree | +-- process@0.11.10
63 silly idealTree | +-- public-encrypt@4.0.0
63 silly idealTree | +-- punycode@1.4.1
63 silly idealTree | +-- querystring-es3@0.2.1
63 silly idealTree | +-- querystring@0.2.0
63 silly idealTree | +-- randombytes@2.0.5
63 silly idealTree | +-- readable-stream@2.3.3
63 silly idealTree | | `-- inherits@2.0.3
63 silly idealTree | +-- rimraf@2.6.2
63 silly idealTree | +-- ripemd160@2.0.1
63 silly idealTree | +-- safe-buffer@5.1.1
63 silly idealTree | +-- sha.js@2.4.9
63 silly idealTree | +-- stream-browserify@2.0.1
63 silly idealTree | +-- string_decoder@1.0.3
63 silly idealTree | +-- timers-browserify@1.4.2
63 silly idealTree | +-- tty-browserify@0.0.0
63 silly idealTree | +-- url@0.11.0
63 silly idealTree | | `-- punycode@1.3.2
63 silly idealTree | +-- util-deprecate@1.0.2
63 silly idealTree | +-- util@0.10.3
63 silly idealTree | +-- vm-browserify@0.0.4
63 silly idealTree | `-- wrappy@1.0.2
63 silly idealTree +-- popper.js@1.12.9
63 silly idealTree +-- regenerator-runtime@0.11.1
63 silly idealTree +-- vue-meteor-tracker@1.2.3
63 silly idealTree +-- vue-router@3.0.1
63 silly idealTree `-- vue@2.5.13
64 silly generateActionsToTake Starting
65 silly install generateActionsToTake
66 silly generateActionsToTake Finishing
67 silly diffTrees action count 1
68 silly diffTrees update vue-router@3.0.1
69 silly decomposeActions action count 8
70 silly decomposeActions fetch vue-router@3.0.1
71 silly decomposeActions extract vue-router@3.0.1
72 silly decomposeActions test vue-router@3.0.1
73 silly decomposeActions preinstall vue-router@3.0.1
74 silly decomposeActions build vue-router@3.0.1
75 silly decomposeActions install vue-router@3.0.1
76 silly decomposeActions postinstall vue-router@3.0.1
77 silly decomposeActions finalize vue-router@3.0.1
78 silly executeActions Starting
79 silly install executeActions
80 silly doSerial global-install 0
81 silly doParallel fetch 1
82 verbose correctMkdir C:\Users\Fazle Rabbi\AppData\Roaming\npm-cache\_locks correctMkdir not in flight; initializing
83 verbose lock using C:\Users\Fazle Rabbi\AppData\Roaming\npm-cache\_locks\staging-2c2ddd1fb9496370.lock for F:\Dev\caredesk-meteor-vuejs\node_modules\.staging
84 silly doParallel extract 1
85 silly extract vue-router@3.0.1
86 verbose unbuild node_modules\.staging\vue-router-8201d10a
87 silly gentlyRm F:\Dev\caredesk-meteor-vuejs\node_modules\.staging\vue-router-8201d10a is being purged from base F:\Dev\caredesk-meteor-vuejs
88 verbose gentlyRm don't care about contents; nuking F:\Dev\caredesk-meteor-vuejs\node_modules\.staging\vue-router-8201d10a
89 verbose tar unpack C:\Users\Fazle Rabbi\AppData\Roaming\npm-cache\vue-router\3.0.1\package.tgz
90 verbose tar unpacking to F:\Dev\caredesk-meteor-vuejs\node_modules\.staging\vue-router-8201d10a
91 silly gentlyRm F:\Dev\caredesk-meteor-vuejs\node_modules\.staging\vue-router-8201d10a is being purged
92 verbose gentlyRm don't care about contents; nuking F:\Dev\caredesk-meteor-vuejs\node_modules\.staging\vue-router-8201d10a
93 silly gunzTarPerm modes [ '777', '666' ]
94 silly gunzTarPerm extractEntry package.json
95 silly gunzTarPerm modified mode [ 'package.json', 420, 438 ]
96 silly gunzTarPerm extractEntry LICENSE
97 silly gunzTarPerm modified mode [ 'LICENSE', 420, 438 ]
98 silly gunzTarPerm extractEntry README.md
99 silly gunzTarPerm modified mode [ 'README.md', 420, 438 ]
100 silly gunzTarPerm extractEntry dist/vue-router.common.js
101 silly gunzTarPerm modified mode [ 'dist/vue-router.common.js', 420, 438 ]
102 silly gunzTarPerm extractEntry dist/vue-router.esm.js
103 silly gunzTarPerm modified mode [ 'dist/vue-router.esm.js', 420, 438 ]
104 silly gunzTarPerm extractEntry dist/vue-routes.js
105 silly gunzTarPerm modified mode [ 'dist/vue-routes.js', 420, 438 ]
106 silly gunzTarPerm extractEntry dist/vue-router.min.js
107 silly gunzTarPerm modified mode [ 'dist/vue-router.min.js', 420, 438 ]
108 silly gunzTarPerm extractEntry types/index.d.ts
109 silly gunzTarPerm modified mode [ 'types/index.d.ts', 420, 438 ]
110 silly gunzTarPerm extractEntry types/router.d.ts
111 silly gunzTarPerm modified mode [ 'types/router.d.ts', 420, 438 ]
112 silly gunzTarPerm extractEntry types/vue.d.ts
113 silly gunzTarPerm modified mode [ 'types/vue.d.ts', 420, 438 ]
114 silly gentlyRm F:\Dev\caredesk-meteor-vuejs\node_modules\.staging\vue-router-8201d10a\node_modules is being purged
115 verbose gentlyRm don't care about contents; nuking F:\Dev\caredesk-meteor-vuejs\node_modules\.staging\vue-router-8201d10a\node_modules
116 silly doParallel preinstall 1
117 silly preinstall vue-router@3.0.1 F:\Dev\caredesk-meteor-vuejs\node_modules\.staging\vue-router-8201d10a
118 info lifecycle vue-router@3.0.1~preinstall: vue-router@3.0.1
119 silly lifecycle vue-router@3.0.1~preinstall: no script for preinstall, continuing
120 silly doReverseSerial remove 0
121 silly doSerial move 0
122 silly doSerial finalize 1
123 silly finalize F:\Dev\caredesk-meteor-vuejs\node_modules\vue-router
124 verbose unlock done using C:\Users\Fazle Rabbi\AppData\Roaming\npm-cache\_locks\staging-2c2ddd1fb9496370.lock for F:\Dev\caredesk-meteor-vuejs\node_modules\.staging
125 silly rollbackFailedOptional Starting
126 silly rollbackFailedOptional Finishing
127 silly runTopLevelLifecycles Starting
128 silly runTopLevelLifecycles Finishing
129 silly install printInstalled
130 verbose stack Error: EPERM: operation not permitted, rename 'F:\Dev\caredesk-meteor-vuejs\node_modules\vue-router' -> 'F:\Dev\caredesk-meteor-vuejs\node_modules\.vue-router.DELETE'
130 verbose stack     at moveAway (C:\laragon\bin\nodejs\node_modules\npm\lib\install\action\finalize.js:38:5)
130 verbose stack     at destStatted (C:\laragon\bin\nodejs\node_modules\npm\lib\install\action\finalize.js:27:7)
130 verbose stack     at FSReqWrap.oncomplete (fs.js:123:15)
130 verbose stack
130 verbose stack Error: EPERM: operation not permitted, rename 'F:\Dev\caredesk-meteor-vuejs\node_modules\vue-router' -> 'F:\Dev\caredesk-meteor-vuejs\node_modules\.vue-router.DELETE'
130 verbose stack     at Error (native)
131 verbose cwd F:\Dev\caredesk-meteor-vuejs
132 error Windows_NT 10.0.16299
133 error argv "C:\\laragon\\bin\\nodejs\\node.exe" "C:\\laragon\\bin\\nodejs\\node_modules\\npm\\bin\\npm-cli.js" "install" "vue-router"
134 error node v6.6.0
135 error npm  v3.10.3
136 error path F:\Dev\caredesk-meteor-vuejs\node_modules\vue-router
137 error code EPERM
138 error errno -4048
139 error syscall rename
140 error Error: EPERM: operation not permitted, rename 'F:\Dev\caredesk-meteor-vuejs\node_modules\vue-router' -> 'F:\Dev\caredesk-meteor-vuejs\node_modules\.vue-router.DELETE'
140 error     at moveAway (C:\laragon\bin\nodejs\node_modules\npm\lib\install\action\finalize.js:38:5)
140 error     at destStatted (C:\laragon\bin\nodejs\node_modules\npm\lib\install\action\finalize.js:27:7)
140 error     at FSReqWrap.oncomplete (fs.js:123:15)
140 error
140 error Error: EPERM: operation not permitted, rename 'F:\Dev\caredesk-meteor-vuejs\node_modules\vue-router' -> 'F:\Dev\caredesk-meteor-vuejs\node_modules\.vue-router.DELETE'
140 error     at Error (native)
140 error  { Error: EPERM: operation not permitted, rename 'F:\Dev\caredesk-meteor-vuejs\node_modules\vue-router' -> 'F:\Dev\caredesk-meteor-vuejs\node_modules\.vue-router.DELETE'
140 error     at moveAway (C:\laragon\bin\nodejs\node_modules\npm\lib\install\action\finalize.js:38:5)
140 error     at destStatted (C:\laragon\bin\nodejs\node_modules\npm\lib\install\action\finalize.js:27:7)
140 error     at FSReqWrap.oncomplete (fs.js:123:15)
140 error
140 error Error: EPERM: operation not permitted, rename 'F:\Dev\caredesk-meteor-vuejs\node_modules\vue-router' -> 'F:\Dev\caredesk-meteor-vuejs\node_modules\.vue-router.DELETE'
140 error     at Error (native) parent: 'caredesk' }
141 error Please try running this command again as root/Administrator.
142 verbose exit [ -4048, true ]
